<?xml version="1.0" ?>
<testsuite errors="0" failures="0" name="Test_Class-20210405103604" tests="10" time="0.099">
	<testcase classname="Test_Class" name="test_Commom_Utils" time="0.003"/>
	<testcase classname="Test_Class" name="test_Google_Babynames" time="0.004"/>
	<testcase classname="Test_Class" name="test_Google_Exercise_1" time="0.004"/>
	<testcase classname="Test_Class" name="test_Google_Exercise_2" time="0.015"/>
	<testcase classname="Test_Class" name="test_Google_Exercise_3" time="0.013"/>
	<testcase classname="Test_Class" name="test_Google_Exercise_4" time="0.019"/>
	<testcase classname="Test_Class" name="test_Google_Exercise_5" time="0.021"/>
	<testcase classname="Test_Class" name="test_Google_Exercise_6" time="0.003"/>
	<testcase classname="Test_Class" name="test_Python_OOP" time="0.006"/>
	<testcase classname="Test_Class" name="test_Python_Pytest" time="0.012"/>
	<system-out>
<![CDATA[...............Common Utils Test Completed................
...............Google Test Completed................
...............Python OOP Test Completed................
...............Pytest Test Completed................
]]>	</system-out>
	<system-err>
<![CDATA[]]>	</system-err>
</testsuite>
