<?xml version="1.0" ?>
<testsuite errors="0" failures="0" name="Test_Class-20210405103949" tests="10" time="0.181">
	<testcase classname="Test_Class" name="test_Commom_Utils" time="0.016"/>
	<testcase classname="Test_Class" name="test_Google_Babynames" time="0.004"/>
	<testcase classname="Test_Class" name="test_Google_Exercise_1" time="0.002"/>
	<testcase classname="Test_Class" name="test_Google_Exercise_2" time="0.023"/>
	<testcase classname="Test_Class" name="test_Google_Exercise_3" time="0.015"/>
	<testcase classname="Test_Class" name="test_Google_Exercise_4" time="0.026"/>
	<testcase classname="Test_Class" name="test_Google_Exercise_5" time="0.024"/>
	<testcase classname="Test_Class" name="test_Google_Exercise_6" time="0.023"/>
	<testcase classname="Test_Class" name="test_Python_OOP" time="0.018"/>
	<testcase classname="Test_Class" name="test_Python_Pytest" time="0.030"/>
	<system-out>
<![CDATA[...............Common Utils Test Completed................
...............Google Test Completed................
...............Python OOP Test Completed................
...............Pytest Test Completed................
]]>	</system-out>
	<system-err>
<![CDATA[]]>	</system-err>
</testsuite>
